<?xml version="1.0" encoding="UTF-8"?>
<!-- Generated by org.testng.reporters.JUnitReportReporter -->
<testsuite skipped="0" hostname="DESKTOP-MQGK7GV" name="gmailTest" tests="1" failures="0" timestamp="30 Nov 2017 11:51:05 GMT" time="62.363" errors="0">
  <testcase name="loginTest" time="62.363" classname="gmailTest"/>
</testsuite> <!-- gmailTest -->
