<?xml version="1.0" encoding="UTF-8"?>
<!-- Generated by org.testng.reporters.JUnitReportReporter -->
<testsuite skipped="0" hostname="DESKTOP-MQGK7GV" name="facebookTest" tests="1" failures="0" timestamp="30 Nov 2017 08:01:22 GMT" time="19.340" errors="0">
  <testcase name="loginTest" time="19.340" classname="facebookTest"/>
</testsuite> <!-- facebookTest -->
